c:\users\kevin\source\repos\cst320---compilers\src\turtlecompiler\turtleyacc.tab.cpp
c:\users\kevin\source\repos\cst320---compilers\src\turtlecompiler\debug\vc142.pdb
c:\users\kevin\source\repos\cst320---compilers\src\turtlecompiler\debug\vc142.idb
c:\users\kevin\source\repos\cst320---compilers\src\turtlecompiler\debug\turtleyacc.tab.obj
c:\users\kevin\source\repos\cst320---compilers\src\turtlecompiler\debug\turtleprogram.obj
c:\users\kevin\source\repos\cst320---compilers\src\turtlecompiler\debug\turtlecompiler.obj
c:\users\kevin\source\repos\cst320---compilers\src\turtlecompiler\debug\turtlelex.flex.obj
c:\users\kevin\source\repos\cst320---compilers\src\turtlecompiler\debug\tree.obj
c:\users\kevin\source\repos\cst320---compilers\src\turtlecompiler\debug\symtable.obj
c:\users\kevin\source\repos\cst320---compilers\src\turtlecompiler\debug\codegen.obj
c:\users\kevin\source\repos\cst320---compilers\src\debug\turtlecompiler.ilk
c:\users\kevin\source\repos\cst320---compilers\src\debug\turtlecompiler.exe
c:\users\kevin\source\repos\cst320---compilers\src\debug\turtlecompiler.pdb
c:\users\kevin\source\repos\cst320---compilers\src\turtlecompiler\debug\turtlecompiler.write.1.tlog
c:\users\kevin\source\repos\cst320---compilers\src\turtlecompiler\debug\turtlecompiler.tlog\cl.command.1.tlog
c:\users\kevin\source\repos\cst320---compilers\src\turtlecompiler\debug\turtlecompiler.tlog\cl.read.1.tlog
c:\users\kevin\source\repos\cst320---compilers\src\turtlecompiler\debug\turtlecompiler.tlog\cl.write.1.tlog
c:\users\kevin\source\repos\cst320---compilers\src\turtlecompiler\debug\turtlecompiler.tlog\link.command.1.tlog
c:\users\kevin\source\repos\cst320---compilers\src\turtlecompiler\debug\turtlecompiler.tlog\link.read.1.tlog
c:\users\kevin\source\repos\cst320---compilers\src\turtlecompiler\debug\turtlecompiler.tlog\link.write.1.tlog
